[debug] [2020-09-13T15:08:56.298Z] ----------------------------------------------------------------------
[debug] [2020-09-13T15:08:56.301Z] Command:       /usr/local/bin/node /usr/local/bin/firebase emulators:start
[debug] [2020-09-13T15:08:56.301Z] CLI Version:   8.10.0
[debug] [2020-09-13T15:08:56.301Z] Platform:      darwin
[debug] [2020-09-13T15:08:56.301Z] Node Version:  v12.18.3
[debug] [2020-09-13T15:08:56.303Z] Time:          Sun Sep 13 2020 20:38:56 GMT+0530 (India Standard Time)
[debug] [2020-09-13T15:08:56.304Z] ----------------------------------------------------------------------
[debug] [2020-09-13T15:08:56.304Z] 
[debug] [2020-09-13T15:08:56.321Z] > command requires scopes: ["email","openid","https://www.googleapis.com/auth/cloudplatformprojects.readonly","https://www.googleapis.com/auth/firebase","https://www.googleapis.com/auth/cloud-platform"]
[debug] [2020-09-13T15:08:56.322Z] > authorizing via signed-in user
[info] i  emulators: Starting emulators: functions, hosting {"metadata":{"emulator":{"name":"hub"},"message":"Starting emulators: functions, hosting"}}
[debug] [2020-09-13T15:08:56.381Z] [hub] writing locator at /var/folders/5z/7qw4k7ns5cdb4k_z1b3jcl2w0000gn/T/hub-challenge-e7180.json
[warn] ⚠  functions: The following emulators are not running, calls to these services from the Functions emulator will affect production: firestore, database, pubsub {"metadata":{"emulator":{"name":"functions"},"message":"The following emulators are not running, calls to these services from the Functions emulator will affect production: \u001b[1mfirestore, database, pubsub\u001b[22m"}}
[warn] ⚠  Your requested "node" version "10" doesn't match your global version "12" {"metadata":{"emulator":{"name":"functions"},"message":"Your requested \"node\" version \"10\" doesn't match your global version \"12\""}}
[debug] [2020-09-13T15:08:56.459Z] defaultcredentials: writing to file /Users/riyakumari/.config/firebase/riyakumaribkj_gmail_com_application_default_credentials.json
[debug] [2020-09-13T15:08:56.464Z] Setting GAC to /Users/riyakumari/.config/firebase/riyakumaribkj_gmail_com_application_default_credentials.json {"metadata":{"emulator":{"name":"functions"},"message":"Setting GAC to /Users/riyakumari/.config/firebase/riyakumaribkj_gmail_com_application_default_credentials.json"}}
[debug] [2020-09-13T15:08:56.497Z] > refreshing access token with scopes: ["email","https://www.googleapis.com/auth/cloud-platform","https://www.googleapis.com/auth/cloudplatformprojects.readonly","https://www.googleapis.com/auth/firebase","openid"]
[debug] [2020-09-13T15:08:56.498Z] >>> HTTP REQUEST POST https://www.googleapis.com/oauth2/v3/token  
 <request body omitted>
[debug] [2020-09-13T15:08:56.966Z] <<< HTTP RESPONSE 200 {"content-type":"application/json; charset=utf-8","vary":"X-Origin, Referer, Origin,Accept-Encoding","date":"Sun, 13 Sep 2020 15:08:56 GMT","server":"scaffolding on HTTPServer2","cache-control":"private","x-xss-protection":"0","x-frame-options":"SAMEORIGIN","x-content-type-options":"nosniff","alt-svc":"h3-29=\":443\"; ma=2592000,h3-27=\":443\"; ma=2592000,h3-T051=\":443\"; ma=2592000,h3-T050=\":443\"; ma=2592000,h3-Q050=\":443\"; ma=2592000,h3-Q046=\":443\"; ma=2592000,h3-Q043=\":443\"; ma=2592000,quic=\":443\"; ma=2592000; v=\"46,43\"","accept-ranges":"none","transfer-encoding":"chunked"}
[debug] [2020-09-13T15:08:56.989Z] >>> HTTP REQUEST GET https://firebase.googleapis.com/v1beta1/projects/challenge-e7180/webApps/-/config  
 
[debug] [2020-09-13T15:08:59.093Z] <<< HTTP RESPONSE 200 {"content-type":"application/json; charset=UTF-8","vary":"X-Origin, Referer, Origin,Accept-Encoding","date":"Sun, 13 Sep 2020 15:08:58 GMT","server":"ESF","cache-control":"private","x-xss-protection":"0","x-frame-options":"SAMEORIGIN","x-content-type-options":"nosniff","alt-svc":"h3-29=\":443\"; ma=2592000,h3-27=\":443\"; ma=2592000,h3-T051=\":443\"; ma=2592000,h3-T050=\":443\"; ma=2592000,h3-Q050=\":443\"; ma=2592000,h3-Q046=\":443\"; ma=2592000,h3-Q043=\":443\"; ma=2592000,quic=\":443\"; ma=2592000; v=\"46,43\"","accept-ranges":"none","transfer-encoding":"chunked"}
[info] i  hosting: Serving hosting files from: build {"metadata":{"emulator":{"name":"hosting"},"message":"Serving hosting files from: \u001b[1mbuild\u001b[22m"}}
[info] ✔  hosting: Local server: http://localhost:5000 {"metadata":{"emulator":{"name":"hosting"},"message":"Local server: \u001b[4m\u001b[1mhttp://localhost:5000\u001b[22m\u001b[24m"}}
[debug] [2020-09-13T15:08:59.687Z] Ignoring unsupported arg: auto_download {"metadata":{"emulator":{"name":"ui"},"message":"Ignoring unsupported arg: auto_download"}}
[debug] [2020-09-13T15:08:59.687Z] Ignoring unsupported arg: port {"metadata":{"emulator":{"name":"ui"},"message":"Ignoring unsupported arg: port"}}
[debug] [2020-09-13T15:08:59.687Z] Starting Emulator UI with command {"binary":"node","args":["/Users/riyakumari/.cache/firebase/emulators/ui-v1.1.1/server.bundle.js"],"optionalArgs":[],"joinArgs":false} {"metadata":{"emulator":{"name":"ui"},"message":"Starting Emulator UI with command {\"binary\":\"node\",\"args\":[\"/Users/riyakumari/.cache/firebase/emulators/ui-v1.1.1/server.bundle.js\"],\"optionalArgs\":[],\"joinArgs\":false}"}}
[info] i  ui: Emulator UI logging to ui-debug.log {"metadata":{"emulator":{"name":"ui"},"message":"Emulator UI logging to \u001b[1mui-debug.log\u001b[22m"}}
[debug] [2020-09-13T15:08:59.837Z] Web / API server started at http://localhost:4000
 {"metadata":{"emulator":{"name":"ui"},"message":"Web / API server started at http://localhost:4000\n"}}
[info] i  functions: Watching "/Users/riyakumari/react-app/functions" for Cloud Functions... {"metadata":{"emulator":{"name":"functions"},"message":"Watching \"/Users/riyakumari/react-app/functions\" for Cloud Functions..."}}
[debug] [2020-09-13T15:09:00.021Z] [worker-pool] addWorker(~diagnostic~) {"metadata":{"emulator":{"name":"functions"},"message":"[worker-pool] addWorker(~diagnostic~)"}}
[debug] [2020-09-13T15:09:00.022Z] [worker-pool] Adding worker with key ~diagnostic~, total=1 {"metadata":{"emulator":{"name":"functions"},"message":"[worker-pool] Adding worker with key ~diagnostic~, total=1"}}
[debug] [2020-09-13T15:09:00.022Z] [worker-pool] submitWork(triggerId=) {"metadata":{"emulator":{"name":"functions"},"message":"[worker-pool] submitWork(triggerId=)"}}
[debug] [2020-09-13T15:09:00.023Z] [worker-~diagnostic~-d1171af9-2cf8-4a14-b01d-bb5289a75d27]: Assigning socketPath: /var/folders/5z/7qw4k7ns5cdb4k_z1b3jcl2w0000gn/T/fire_emu_1522.sock {"metadata":{"emulator":{"name":"functions"},"message":"[worker-~diagnostic~-d1171af9-2cf8-4a14-b01d-bb5289a75d27]: Assigning socketPath: /var/folders/5z/7qw4k7ns5cdb4k_z1b3jcl2w0000gn/T/fire_emu_1522.sock"}}
[debug] [2020-09-13T15:09:00.026Z] [worker-~diagnostic~-d1171af9-2cf8-4a14-b01d-bb5289a75d27]: BUSY {"metadata":{"emulator":{"name":"functions"},"message":"[worker-~diagnostic~-d1171af9-2cf8-4a14-b01d-bb5289a75d27]: BUSY"}}
[debug] [2020-09-13T15:09:00.947Z] [runtime-status] [1522] Functions runtime initialized. {"cwd":"/Users/riyakumari/react-app/functions","node_version":"12.18.3"} {"metadata":{"emulator":{"name":"functions"},"message":"[runtime-status] [1522] Functions runtime initialized. {\"cwd\":\"/Users/riyakumari/react-app/functions\",\"node_version\":\"12.18.3\"}"}}
[debug] [2020-09-13T15:09:00.950Z] [runtime-status] [1522] Disabled runtime features: undefined {"metadata":{"emulator":{"name":"functions"},"message":"[runtime-status] [1522] Disabled runtime features: undefined"}}
[debug] [2020-09-13T15:09:00.955Z] [runtime-status] [1522] Resolved module firebase-admin {"declared":true,"installed":true,"version":"8.13.0","resolution":"/Users/riyakumari/react-app/functions/node_modules/firebase-admin/lib/index.js"} {"metadata":{"emulator":{"name":"functions"},"message":"[runtime-status] [1522] Resolved module firebase-admin {\"declared\":true,\"installed\":true,\"version\":\"8.13.0\",\"resolution\":\"/Users/riyakumari/react-app/functions/node_modules/firebase-admin/lib/index.js\"}"}}
[debug] [2020-09-13T15:09:00.957Z] [runtime-status] [1522] Resolved module firebase-functions {"declared":true,"installed":true,"version":"3.11.0","resolution":"/Users/riyakumari/react-app/functions/node_modules/firebase-functions/lib/index.js"} {"metadata":{"emulator":{"name":"functions"},"message":"[runtime-status] [1522] Resolved module firebase-functions {\"declared\":true,\"installed\":true,\"version\":\"3.11.0\",\"resolution\":\"/Users/riyakumari/react-app/functions/node_modules/firebase-functions/lib/index.js\"}"}}
[debug] [2020-09-13T15:09:00.960Z] [runtime-status] [1522] Resolved module firebase-functions {"declared":true,"installed":true,"version":"3.11.0","resolution":"/Users/riyakumari/react-app/functions/node_modules/firebase-functions/lib/index.js"} {"metadata":{"emulator":{"name":"functions"},"message":"[runtime-status] [1522] Resolved module firebase-functions {\"declared\":true,\"installed\":true,\"version\":\"3.11.0\",\"resolution\":\"/Users/riyakumari/react-app/functions/node_modules/firebase-functions/lib/index.js\"}"}}
[debug] [2020-09-13T15:09:00.963Z] [runtime-status] [1522] Outgoing network have been stubbed. [{"name":"http","status":"mocked"},{"name":"http","status":"mocked"},{"name":"https","status":"mocked"},{"name":"https","status":"mocked"},{"name":"net","status":"mocked"}] {"metadata":{"emulator":{"name":"functions"},"message":"[runtime-status] [1522] Outgoing network have been stubbed. [{\"name\":\"http\",\"status\":\"mocked\"},{\"name\":\"http\",\"status\":\"mocked\"},{\"name\":\"https\",\"status\":\"mocked\"},{\"name\":\"https\",\"status\":\"mocked\"},{\"name\":\"net\",\"status\":\"mocked\"}]"}}
[debug] [2020-09-13T15:09:00.967Z] [runtime-status] [1522] Resolved module firebase-functions {"declared":true,"installed":true,"version":"3.11.0","resolution":"/Users/riyakumari/react-app/functions/node_modules/firebase-functions/lib/index.js"} {"metadata":{"emulator":{"name":"functions"},"message":"[runtime-status] [1522] Resolved module firebase-functions {\"declared\":true,\"installed\":true,\"version\":\"3.11.0\",\"resolution\":\"/Users/riyakumari/react-app/functions/node_modules/firebase-functions/lib/index.js\"}"}}
[debug] [2020-09-13T15:09:01.100Z] [runtime-status] [1522] Checked functions.config() {"config":{}} {"metadata":{"emulator":{"name":"functions"},"message":"[runtime-status] [1522] Checked functions.config() {\"config\":{}}"}}
[debug] [2020-09-13T15:09:01.100Z] [runtime-status] [1522] firebase-functions has been stubbed. {"functionsResolution":{"declared":true,"installed":true,"version":"3.11.0","resolution":"/Users/riyakumari/react-app/functions/node_modules/firebase-functions/lib/index.js"}} {"metadata":{"emulator":{"name":"functions"},"message":"[runtime-status] [1522] firebase-functions has been stubbed. {\"functionsResolution\":{\"declared\":true,\"installed\":true,\"version\":\"3.11.0\",\"resolution\":\"/Users/riyakumari/react-app/functions/node_modules/firebase-functions/lib/index.js\"}}"}}
[debug] [2020-09-13T15:09:01.101Z] [runtime-status] [1522] Resolved module firebase-functions {"declared":true,"installed":true,"version":"3.11.0","resolution":"/Users/riyakumari/react-app/functions/node_modules/firebase-functions/lib/index.js"} {"metadata":{"emulator":{"name":"functions"},"message":"[runtime-status] [1522] Resolved module firebase-functions {\"declared\":true,\"installed\":true,\"version\":\"3.11.0\",\"resolution\":\"/Users/riyakumari/react-app/functions/node_modules/firebase-functions/lib/index.js\"}"}}
[debug] [2020-09-13T15:09:01.102Z] [runtime-status] [1522] Resolved module firebase-admin {"declared":true,"installed":true,"version":"8.13.0","resolution":"/Users/riyakumari/react-app/functions/node_modules/firebase-admin/lib/index.js"} {"metadata":{"emulator":{"name":"functions"},"message":"[runtime-status] [1522] Resolved module firebase-admin {\"declared\":true,\"installed\":true,\"version\":\"8.13.0\",\"resolution\":\"/Users/riyakumari/react-app/functions/node_modules/firebase-admin/lib/index.js\"}"}}
[debug] [2020-09-13T15:09:01.103Z] [runtime-status] [1522] Resolved module firebase-functions {"declared":true,"installed":true,"version":"3.11.0","resolution":"/Users/riyakumari/react-app/functions/node_modules/firebase-functions/lib/index.js"} {"metadata":{"emulator":{"name":"functions"},"message":"[runtime-status] [1522] Resolved module firebase-functions {\"declared\":true,\"installed\":true,\"version\":\"3.11.0\",\"resolution\":\"/Users/riyakumari/react-app/functions/node_modules/firebase-functions/lib/index.js\"}"}}
[debug] [2020-09-13T15:09:01.103Z] [runtime-status] [1522] firebase-admin has been stubbed. {"adminResolution":{"declared":true,"installed":true,"version":"8.13.0","resolution":"/Users/riyakumari/react-app/functions/node_modules/firebase-admin/lib/index.js"}} {"metadata":{"emulator":{"name":"functions"},"message":"[runtime-status] [1522] firebase-admin has been stubbed. {\"adminResolution\":{\"declared\":true,\"installed\":true,\"version\":\"8.13.0\",\"resolution\":\"/Users/riyakumari/react-app/functions/node_modules/firebase-admin/lib/index.js\"}}"}}
[info] ✔  functions[api]: http function initialized (http://localhost:5001/challenge-e7180/us-central1/api). {"metadata":{"emulator":{"name":"functions"},"message":"\u001b[1mhttp\u001b[22m function initialized (http://localhost:5001/challenge-e7180/us-central1/api)."}}
[info] 
┌───────────────────────────────────────────────────────────────────────┐
│ ✔  All emulators ready! View status and logs at http://localhost:4000 │
└───────────────────────────────────────────────────────────────────────┘

┌───────────┬────────────────┬─────────────────────────────────┐
│ Emulator  │ Host:Port      │ View in Emulator UI             │
├───────────┼────────────────┼─────────────────────────────────┤
│ Functions │ localhost:5001 │ http://localhost:4000/functions │
├───────────┼────────────────┼─────────────────────────────────┤
│ Hosting   │ localhost:5000 │ n/a                             │
└───────────┴────────────────┴─────────────────────────────────┘
  Other reserved ports: 4400, 4500

Issues? Report them at https://github.com/firebase/firebase-tools/issues and attach the *-debug.log files.
 
[debug] [2020-09-13T15:09:01.627Z] [worker-~diagnostic~-d1171af9-2cf8-4a14-b01d-bb5289a75d27]: IDLE {"metadata":{"emulator":{"name":"functions"},"message":"[worker-~diagnostic~-d1171af9-2cf8-4a14-b01d-bb5289a75d27]: IDLE"}}
[debug] [2020-09-13T15:13:32.605Z] File /Users/riyakumari/react-app/functions/index.js changed, reloading triggers {"metadata":{"emulator":{"name":"functions"},"message":"File /Users/riyakumari/react-app/functions/index.js changed, reloading triggers"}}
[debug] [2020-09-13T15:13:33.609Z] [worker-pool] Shutting down IDLE worker (~diagnostic~) {"metadata":{"emulator":{"name":"functions"},"message":"[worker-pool] Shutting down IDLE worker (~diagnostic~)"}}
[debug] [2020-09-13T15:13:33.609Z] [worker-~diagnostic~-d1171af9-2cf8-4a14-b01d-bb5289a75d27]: FINISHING {"metadata":{"emulator":{"name":"functions"},"message":"[worker-~diagnostic~-d1171af9-2cf8-4a14-b01d-bb5289a75d27]: FINISHING"}}
[debug] [2020-09-13T15:13:33.618Z] [worker-pool] addWorker(~diagnostic~) {"metadata":{"emulator":{"name":"functions"},"message":"[worker-pool] addWorker(~diagnostic~)"}}
[debug] [2020-09-13T15:13:33.618Z] [worker-pool] Adding worker with key ~diagnostic~, total=2 {"metadata":{"emulator":{"name":"functions"},"message":"[worker-pool] Adding worker with key ~diagnostic~, total=2"}}
[debug] [2020-09-13T15:13:33.618Z] [worker-pool] submitWork(triggerId=) {"metadata":{"emulator":{"name":"functions"},"message":"[worker-pool] submitWork(triggerId=)"}}
[debug] [2020-09-13T15:13:33.618Z] [worker-~diagnostic~-d5813d7d-feae-4c6f-8082-cc43c1832798]: Assigning socketPath: /var/folders/5z/7qw4k7ns5cdb4k_z1b3jcl2w0000gn/T/fire_emu_1576.sock {"metadata":{"emulator":{"name":"functions"},"message":"[worker-~diagnostic~-d5813d7d-feae-4c6f-8082-cc43c1832798]: Assigning socketPath: /var/folders/5z/7qw4k7ns5cdb4k_z1b3jcl2w0000gn/T/fire_emu_1576.sock"}}
[debug] [2020-09-13T15:13:33.619Z] [worker-~diagnostic~-d5813d7d-feae-4c6f-8082-cc43c1832798]: BUSY {"metadata":{"emulator":{"name":"functions"},"message":"[worker-~diagnostic~-d5813d7d-feae-4c6f-8082-cc43c1832798]: BUSY"}}
[debug] [2020-09-13T15:13:33.624Z] [worker-~diagnostic~-d1171af9-2cf8-4a14-b01d-bb5289a75d27]: exited {"metadata":{"emulator":{"name":"functions"},"message":"[worker-~diagnostic~-d1171af9-2cf8-4a14-b01d-bb5289a75d27]: exited"}}
[debug] [2020-09-13T15:13:33.625Z] [worker-~diagnostic~-d1171af9-2cf8-4a14-b01d-bb5289a75d27]: FINISHED {"metadata":{"emulator":{"name":"functions"},"message":"[worker-~diagnostic~-d1171af9-2cf8-4a14-b01d-bb5289a75d27]: FINISHED"}}
[debug] [2020-09-13T15:13:34.727Z] [runtime-status] [1576] Functions runtime initialized. {"cwd":"/Users/riyakumari/react-app/functions","node_version":"12.18.3"} {"metadata":{"emulator":{"name":"functions"},"message":"[runtime-status] [1576] Functions runtime initialized. {\"cwd\":\"/Users/riyakumari/react-app/functions\",\"node_version\":\"12.18.3\"}"}}
[debug] [2020-09-13T15:13:34.742Z] [runtime-status] [1576] Disabled runtime features: undefined {"metadata":{"emulator":{"name":"functions"},"message":"[runtime-status] [1576] Disabled runtime features: undefined"}}
[debug] [2020-09-13T15:13:34.751Z] [runtime-status] [1576] Resolved module firebase-admin {"declared":true,"installed":true,"version":"8.13.0","resolution":"/Users/riyakumari/react-app/functions/node_modules/firebase-admin/lib/index.js"} {"metadata":{"emulator":{"name":"functions"},"message":"[runtime-status] [1576] Resolved module firebase-admin {\"declared\":true,\"installed\":true,\"version\":\"8.13.0\",\"resolution\":\"/Users/riyakumari/react-app/functions/node_modules/firebase-admin/lib/index.js\"}"}}
[debug] [2020-09-13T15:13:34.753Z] [runtime-status] [1576] Resolved module firebase-functions {"declared":true,"installed":true,"version":"3.11.0","resolution":"/Users/riyakumari/react-app/functions/node_modules/firebase-functions/lib/index.js"} {"metadata":{"emulator":{"name":"functions"},"message":"[runtime-status] [1576] Resolved module firebase-functions {\"declared\":true,\"installed\":true,\"version\":\"3.11.0\",\"resolution\":\"/Users/riyakumari/react-app/functions/node_modules/firebase-functions/lib/index.js\"}"}}
[debug] [2020-09-13T15:13:34.756Z] [runtime-status] [1576] Resolved module firebase-functions {"declared":true,"installed":true,"version":"3.11.0","resolution":"/Users/riyakumari/react-app/functions/node_modules/firebase-functions/lib/index.js"} {"metadata":{"emulator":{"name":"functions"},"message":"[runtime-status] [1576] Resolved module firebase-functions {\"declared\":true,\"installed\":true,\"version\":\"3.11.0\",\"resolution\":\"/Users/riyakumari/react-app/functions/node_modules/firebase-functions/lib/index.js\"}"}}
[debug] [2020-09-13T15:13:34.758Z] [runtime-status] [1576] Outgoing network have been stubbed. [{"name":"http","status":"mocked"},{"name":"http","status":"mocked"},{"name":"https","status":"mocked"},{"name":"https","status":"mocked"},{"name":"net","status":"mocked"}] {"metadata":{"emulator":{"name":"functions"},"message":"[runtime-status] [1576] Outgoing network have been stubbed. [{\"name\":\"http\",\"status\":\"mocked\"},{\"name\":\"http\",\"status\":\"mocked\"},{\"name\":\"https\",\"status\":\"mocked\"},{\"name\":\"https\",\"status\":\"mocked\"},{\"name\":\"net\",\"status\":\"mocked\"}]"}}
[debug] [2020-09-13T15:13:34.760Z] [runtime-status] [1576] Resolved module firebase-functions {"declared":true,"installed":true,"version":"3.11.0","resolution":"/Users/riyakumari/react-app/functions/node_modules/firebase-functions/lib/index.js"} {"metadata":{"emulator":{"name":"functions"},"message":"[runtime-status] [1576] Resolved module firebase-functions {\"declared\":true,\"installed\":true,\"version\":\"3.11.0\",\"resolution\":\"/Users/riyakumari/react-app/functions/node_modules/firebase-functions/lib/index.js\"}"}}
[debug] [2020-09-13T15:13:34.864Z] [runtime-status] [1576] Checked functions.config() {"config":{}} {"metadata":{"emulator":{"name":"functions"},"message":"[runtime-status] [1576] Checked functions.config() {\"config\":{}}"}}
[debug] [2020-09-13T15:13:34.864Z] [runtime-status] [1576] firebase-functions has been stubbed. {"functionsResolution":{"declared":true,"installed":true,"version":"3.11.0","resolution":"/Users/riyakumari/react-app/functions/node_modules/firebase-functions/lib/index.js"}} {"metadata":{"emulator":{"name":"functions"},"message":"[runtime-status] [1576] firebase-functions has been stubbed. {\"functionsResolution\":{\"declared\":true,\"installed\":true,\"version\":\"3.11.0\",\"resolution\":\"/Users/riyakumari/react-app/functions/node_modules/firebase-functions/lib/index.js\"}}"}}
[debug] [2020-09-13T15:13:34.865Z] [runtime-status] [1576] Resolved module firebase-functions {"declared":true,"installed":true,"version":"3.11.0","resolution":"/Users/riyakumari/react-app/functions/node_modules/firebase-functions/lib/index.js"} {"metadata":{"emulator":{"name":"functions"},"message":"[runtime-status] [1576] Resolved module firebase-functions {\"declared\":true,\"installed\":true,\"version\":\"3.11.0\",\"resolution\":\"/Users/riyakumari/react-app/functions/node_modules/firebase-functions/lib/index.js\"}"}}
[debug] [2020-09-13T15:13:34.866Z] [runtime-status] [1576] Resolved module firebase-admin {"declared":true,"installed":true,"version":"8.13.0","resolution":"/Users/riyakumari/react-app/functions/node_modules/firebase-admin/lib/index.js"} {"metadata":{"emulator":{"name":"functions"},"message":"[runtime-status] [1576] Resolved module firebase-admin {\"declared\":true,\"installed\":true,\"version\":\"8.13.0\",\"resolution\":\"/Users/riyakumari/react-app/functions/node_modules/firebase-admin/lib/index.js\"}"}}
[debug] [2020-09-13T15:13:34.867Z] [runtime-status] [1576] Resolved module firebase-functions {"declared":true,"installed":true,"version":"3.11.0","resolution":"/Users/riyakumari/react-app/functions/node_modules/firebase-functions/lib/index.js"} {"metadata":{"emulator":{"name":"functions"},"message":"[runtime-status] [1576] Resolved module firebase-functions {\"declared\":true,\"installed\":true,\"version\":\"3.11.0\",\"resolution\":\"/Users/riyakumari/react-app/functions/node_modules/firebase-functions/lib/index.js\"}"}}
[debug] [2020-09-13T15:13:34.867Z] [runtime-status] [1576] firebase-admin has been stubbed. {"adminResolution":{"declared":true,"installed":true,"version":"8.13.0","resolution":"/Users/riyakumari/react-app/functions/node_modules/firebase-admin/lib/index.js"}} {"metadata":{"emulator":{"name":"functions"},"message":"[runtime-status] [1576] firebase-admin has been stubbed. {\"adminResolution\":{\"declared\":true,\"installed\":true,\"version\":\"8.13.0\",\"resolution\":\"/Users/riyakumari/react-app/functions/node_modules/firebase-admin/lib/index.js\"}}"}}
[debug] [2020-09-13T15:13:35.279Z] [worker-~diagnostic~-d5813d7d-feae-4c6f-8082-cc43c1832798]: IDLE {"metadata":{"emulator":{"name":"functions"},"message":"[worker-~diagnostic~-d5813d7d-feae-4c6f-8082-cc43c1832798]: IDLE"}}
[debug] [2020-09-13T15:14:41.313Z] [work-queue] {"queueLength":1,"workRunningCount":0}
[debug] [2020-09-13T15:14:41.314Z] [work-queue] {"queueLength":0,"workRunningCount":1}
[debug] [2020-09-13T15:14:41.315Z] Accepted request GET /challenge-e7180/us-central1/api --> api
[debug] [2020-09-13T15:14:41.315Z] [worker-pool] Cleaned up workers for ~diagnostic~: 2 --> 1 {"metadata":{"emulator":{"name":"functions"},"message":"[worker-pool] Cleaned up workers for ~diagnostic~: 2 --> 1"}}
[debug] [2020-09-13T15:14:41.321Z] [worker-pool] addWorker(api) {"metadata":{"emulator":{"name":"functions"},"message":"[worker-pool] addWorker(api)"}}
[debug] [2020-09-13T15:14:41.321Z] [worker-pool] Adding worker with key api, total=1 {"metadata":{"emulator":{"name":"functions"},"message":"[worker-pool] Adding worker with key api, total=1"}}
[debug] [2020-09-13T15:14:41.321Z] [worker-pool] submitWork(triggerId=api) {"metadata":{"emulator":{"name":"functions"},"message":"[worker-pool] submitWork(triggerId=api)"}}
[debug] [2020-09-13T15:14:41.322Z] [worker-api-69aef6be-dfcf-4fd7-9a0b-3737ac56ccf3]: Assigning socketPath: /var/folders/5z/7qw4k7ns5cdb4k_z1b3jcl2w0000gn/T/fire_emu_1593.sock {"metadata":{"emulator":{"name":"functions"},"message":"[worker-api-69aef6be-dfcf-4fd7-9a0b-3737ac56ccf3]: Assigning socketPath: /var/folders/5z/7qw4k7ns5cdb4k_z1b3jcl2w0000gn/T/fire_emu_1593.sock"}}
[debug] [2020-09-13T15:14:41.322Z] [worker-api-69aef6be-dfcf-4fd7-9a0b-3737ac56ccf3]: BUSY {"metadata":{"emulator":{"name":"functions"},"message":"[worker-api-69aef6be-dfcf-4fd7-9a0b-3737ac56ccf3]: BUSY"}}
[debug] [2020-09-13T15:14:42.465Z] [runtime-status] [1593] Functions runtime initialized. {"cwd":"/Users/riyakumari/react-app/functions","node_version":"12.18.3"} {"metadata":{"emulator":{"name":"functions"},"function":{"name":"api"},"message":"[runtime-status] [1593] Functions runtime initialized. {\"cwd\":\"/Users/riyakumari/react-app/functions\",\"node_version\":\"12.18.3\"}"}}
[debug] [2020-09-13T15:14:42.468Z] [runtime-status] [1593] Disabled runtime features: undefined {"metadata":{"emulator":{"name":"functions"},"function":{"name":"api"},"message":"[runtime-status] [1593] Disabled runtime features: undefined"}}
[debug] [2020-09-13T15:14:42.472Z] [runtime-status] [1593] Resolved module firebase-admin {"declared":true,"installed":true,"version":"8.13.0","resolution":"/Users/riyakumari/react-app/functions/node_modules/firebase-admin/lib/index.js"} {"metadata":{"emulator":{"name":"functions"},"function":{"name":"api"},"message":"[runtime-status] [1593] Resolved module firebase-admin {\"declared\":true,\"installed\":true,\"version\":\"8.13.0\",\"resolution\":\"/Users/riyakumari/react-app/functions/node_modules/firebase-admin/lib/index.js\"}"}}
[debug] [2020-09-13T15:14:42.479Z] [runtime-status] [1593] Resolved module firebase-functions {"declared":true,"installed":true,"version":"3.11.0","resolution":"/Users/riyakumari/react-app/functions/node_modules/firebase-functions/lib/index.js"} {"metadata":{"emulator":{"name":"functions"},"function":{"name":"api"},"message":"[runtime-status] [1593] Resolved module firebase-functions {\"declared\":true,\"installed\":true,\"version\":\"3.11.0\",\"resolution\":\"/Users/riyakumari/react-app/functions/node_modules/firebase-functions/lib/index.js\"}"}}
[debug] [2020-09-13T15:14:42.479Z] [runtime-status] [1593] Resolved module firebase-functions {"declared":true,"installed":true,"version":"3.11.0","resolution":"/Users/riyakumari/react-app/functions/node_modules/firebase-functions/lib/index.js"} {"metadata":{"emulator":{"name":"functions"},"function":{"name":"api"},"message":"[runtime-status] [1593] Resolved module firebase-functions {\"declared\":true,\"installed\":true,\"version\":\"3.11.0\",\"resolution\":\"/Users/riyakumari/react-app/functions/node_modules/firebase-functions/lib/index.js\"}"}}
[debug] [2020-09-13T15:14:42.479Z] [runtime-status] [1593] Outgoing network have been stubbed. [{"name":"http","status":"mocked"},{"name":"http","status":"mocked"},{"name":"https","status":"mocked"},{"name":"https","status":"mocked"},{"name":"net","status":"mocked"}] {"metadata":{"emulator":{"name":"functions"},"function":{"name":"api"},"message":"[runtime-status] [1593] Outgoing network have been stubbed. [{\"name\":\"http\",\"status\":\"mocked\"},{\"name\":\"http\",\"status\":\"mocked\"},{\"name\":\"https\",\"status\":\"mocked\"},{\"name\":\"https\",\"status\":\"mocked\"},{\"name\":\"net\",\"status\":\"mocked\"}]"}}
[debug] [2020-09-13T15:14:42.479Z] [runtime-status] [1593] Resolved module firebase-functions {"declared":true,"installed":true,"version":"3.11.0","resolution":"/Users/riyakumari/react-app/functions/node_modules/firebase-functions/lib/index.js"} {"metadata":{"emulator":{"name":"functions"},"function":{"name":"api"},"message":"[runtime-status] [1593] Resolved module firebase-functions {\"declared\":true,\"installed\":true,\"version\":\"3.11.0\",\"resolution\":\"/Users/riyakumari/react-app/functions/node_modules/firebase-functions/lib/index.js\"}"}}
[debug] [2020-09-13T15:14:42.604Z] [runtime-status] [1593] Checked functions.config() {"config":{}} {"metadata":{"emulator":{"name":"functions"},"function":{"name":"api"},"message":"[runtime-status] [1593] Checked functions.config() {\"config\":{}}"}}
[debug] [2020-09-13T15:14:42.605Z] [runtime-status] [1593] firebase-functions has been stubbed. {"functionsResolution":{"declared":true,"installed":true,"version":"3.11.0","resolution":"/Users/riyakumari/react-app/functions/node_modules/firebase-functions/lib/index.js"}} {"metadata":{"emulator":{"name":"functions"},"function":{"name":"api"},"message":"[runtime-status] [1593] firebase-functions has been stubbed. {\"functionsResolution\":{\"declared\":true,\"installed\":true,\"version\":\"3.11.0\",\"resolution\":\"/Users/riyakumari/react-app/functions/node_modules/firebase-functions/lib/index.js\"}}"}}
[debug] [2020-09-13T15:14:42.605Z] [runtime-status] [1593] Resolved module firebase-functions {"declared":true,"installed":true,"version":"3.11.0","resolution":"/Users/riyakumari/react-app/functions/node_modules/firebase-functions/lib/index.js"} {"metadata":{"emulator":{"name":"functions"},"function":{"name":"api"},"message":"[runtime-status] [1593] Resolved module firebase-functions {\"declared\":true,\"installed\":true,\"version\":\"3.11.0\",\"resolution\":\"/Users/riyakumari/react-app/functions/node_modules/firebase-functions/lib/index.js\"}"}}
[debug] [2020-09-13T15:14:42.607Z] [runtime-status] [1593] Resolved module firebase-admin {"declared":true,"installed":true,"version":"8.13.0","resolution":"/Users/riyakumari/react-app/functions/node_modules/firebase-admin/lib/index.js"} {"metadata":{"emulator":{"name":"functions"},"function":{"name":"api"},"message":"[runtime-status] [1593] Resolved module firebase-admin {\"declared\":true,\"installed\":true,\"version\":\"8.13.0\",\"resolution\":\"/Users/riyakumari/react-app/functions/node_modules/firebase-admin/lib/index.js\"}"}}
[debug] [2020-09-13T15:14:42.607Z] [runtime-status] [1593] Resolved module firebase-functions {"declared":true,"installed":true,"version":"3.11.0","resolution":"/Users/riyakumari/react-app/functions/node_modules/firebase-functions/lib/index.js"} {"metadata":{"emulator":{"name":"functions"},"function":{"name":"api"},"message":"[runtime-status] [1593] Resolved module firebase-functions {\"declared\":true,\"installed\":true,\"version\":\"3.11.0\",\"resolution\":\"/Users/riyakumari/react-app/functions/node_modules/firebase-functions/lib/index.js\"}"}}
[debug] [2020-09-13T15:14:42.608Z] [runtime-status] [1593] firebase-admin has been stubbed. {"adminResolution":{"declared":true,"installed":true,"version":"8.13.0","resolution":"/Users/riyakumari/react-app/functions/node_modules/firebase-admin/lib/index.js"}} {"metadata":{"emulator":{"name":"functions"},"function":{"name":"api"},"message":"[runtime-status] [1593] firebase-admin has been stubbed. {\"adminResolution\":{\"declared\":true,\"installed\":true,\"version\":\"8.13.0\",\"resolution\":\"/Users/riyakumari/react-app/functions/node_modules/firebase-admin/lib/index.js\"}}"}}
[debug] [2020-09-13T15:14:43.086Z] [runtime-status] [1593] Trigger "api" has been found, beginning invocation! {"metadata":{"emulator":{"name":"functions"},"function":{"name":"api"},"message":"[runtime-status] [1593] Trigger \"api\" has been found, beginning invocation!"}}
[info] i  functions: Beginning execution of "api" {"metadata":{"emulator":{"name":"functions"},"function":{"name":"api"},"message":"Beginning execution of \"api\""}}
[debug] [2020-09-13T15:14:43.087Z] [runtime-status] [1593] triggerDefinition {"httpsTrigger":{},"name":"api","entryPoint":"api"} {"metadata":{"emulator":{"name":"functions"},"function":{"name":"api"},"message":"[runtime-status] [1593] triggerDefinition {\"httpsTrigger\":{},\"name\":\"api\",\"entryPoint\":\"api\"}"}}
[debug] [2020-09-13T15:14:43.087Z] [runtime-status] [1593] Running api in mode HTTPS {"metadata":{"emulator":{"name":"functions"},"function":{"name":"api"},"message":"[runtime-status] [1593] Running api in mode HTTPS"}}
[debug] [2020-09-13T15:14:43.094Z] [runtime-status] [1593] Attempting to listen to socketPath: /var/folders/5z/7qw4k7ns5cdb4k_z1b3jcl2w0000gn/T/fire_emu_1593.sock {"metadata":{"emulator":{"name":"functions"},"function":{"name":"api"},"message":"[runtime-status] [1593] Attempting to listen to socketPath: /var/folders/5z/7qw4k7ns5cdb4k_z1b3jcl2w0000gn/T/fire_emu_1593.sock"}}
[debug] [2020-09-13T15:14:43.102Z] [functions] Runtime ready! Sending request! {"metadata":{"emulator":{"name":"functions"},"message":"[functions] Runtime ready! Sending request!"}}
[debug] [2020-09-13T15:14:43.112Z] [runtime-status] [1593] Ephemeral server handling GET request {"metadata":{"emulator":{"name":"functions"},"function":{"name":"api"},"message":"[runtime-status] [1593] Ephemeral server handling GET request"}}
[debug] [2020-09-13T15:14:43.122Z] [runtime-status] [1593] Ephemeral server survived. {"metadata":{"emulator":{"name":"functions"},"function":{"name":"api"},"message":"[runtime-status] [1593] Ephemeral server survived."}}
[info] i  functions: Finished "api" in ~1s {"metadata":{"emulator":{"name":"functions"},"function":{"name":"api"},"message":"Finished \"api\" in ~1s"}}
[debug] [2020-09-13T15:14:43.123Z] [worker-api-69aef6be-dfcf-4fd7-9a0b-3737ac56ccf3]: IDLE {"metadata":{"emulator":{"name":"functions"},"message":"[worker-api-69aef6be-dfcf-4fd7-9a0b-3737ac56ccf3]: IDLE"}}
[debug] [2020-09-13T15:14:43.123Z] [work-queue] {"queueLength":0,"workRunningCount":0}
[debug] [2020-09-13T15:14:43.546Z] Functions emulator received unknown request at path /favicon.ico
[debug] [2020-09-13T15:15:12.597Z] [work-queue] {"queueLength":1,"workRunningCount":0}
[debug] [2020-09-13T15:15:12.599Z] [work-queue] {"queueLength":0,"workRunningCount":1}
[debug] [2020-09-13T15:15:12.599Z] Accepted request POST /challenge-e7180/us-central1/api/payments/create?total=121795 --> api
[debug] [2020-09-13T15:15:12.603Z] [worker-pool] submitWork(triggerId=api) {"metadata":{"emulator":{"name":"functions"},"message":"[worker-pool] submitWork(triggerId=api)"}}
[debug] [2020-09-13T15:15:12.603Z] [worker-api-69aef6be-dfcf-4fd7-9a0b-3737ac56ccf3]: Assigning socketPath: /var/folders/5z/7qw4k7ns5cdb4k_z1b3jcl2w0000gn/T/fire_emu_1593.sock {"metadata":{"emulator":{"name":"functions"},"message":"[worker-api-69aef6be-dfcf-4fd7-9a0b-3737ac56ccf3]: Assigning socketPath: /var/folders/5z/7qw4k7ns5cdb4k_z1b3jcl2w0000gn/T/fire_emu_1593.sock"}}
[debug] [2020-09-13T15:15:12.606Z] [worker-api-69aef6be-dfcf-4fd7-9a0b-3737ac56ccf3]: BUSY {"metadata":{"emulator":{"name":"functions"},"message":"[worker-api-69aef6be-dfcf-4fd7-9a0b-3737ac56ccf3]: BUSY"}}
[debug] [2020-09-13T15:15:12.614Z] [runtime-status] [1593] Trigger "api" has been found, beginning invocation! {"metadata":{"emulator":{"name":"functions"},"function":{"name":"api"},"message":"[runtime-status] [1593] Trigger \"api\" has been found, beginning invocation!"}}
[info] i  functions: Beginning execution of "api" {"metadata":{"emulator":{"name":"functions"},"function":{"name":"api"},"message":"Beginning execution of \"api\""}}
[debug] [2020-09-13T15:15:12.623Z] [runtime-status] [1593] triggerDefinition {"httpsTrigger":{},"name":"api","entryPoint":"api"} {"metadata":{"emulator":{"name":"functions"},"function":{"name":"api"},"message":"[runtime-status] [1593] triggerDefinition {\"httpsTrigger\":{},\"name\":\"api\",\"entryPoint\":\"api\"}"}}
[debug] [2020-09-13T15:15:12.624Z] [runtime-status] [1593] Running api in mode HTTPS {"metadata":{"emulator":{"name":"functions"},"function":{"name":"api"},"message":"[runtime-status] [1593] Running api in mode HTTPS"}}
[debug] [2020-09-13T15:15:12.624Z] [runtime-status] [1593] Attempting to listen to socketPath: /var/folders/5z/7qw4k7ns5cdb4k_z1b3jcl2w0000gn/T/fire_emu_1593.sock {"metadata":{"emulator":{"name":"functions"},"function":{"name":"api"},"message":"[runtime-status] [1593] Attempting to listen to socketPath: /var/folders/5z/7qw4k7ns5cdb4k_z1b3jcl2w0000gn/T/fire_emu_1593.sock"}}
[debug] [2020-09-13T15:15:12.637Z] [functions] Runtime ready! Sending request! {"metadata":{"emulator":{"name":"functions"},"message":"[functions] Runtime ready! Sending request!"}}
[debug] [2020-09-13T15:15:12.655Z] [runtime-status] [1593] Ephemeral server handling POST request {"metadata":{"emulator":{"name":"functions"},"function":{"name":"api"},"message":"[runtime-status] [1593] Ephemeral server handling POST request"}}
[info] >  Payment Request Received BOOM!!! for this amount >>>  121795 {"user":"Payment Request Received BOOM!!! for this amount >>>  121795","metadata":{"emulator":{"name":"functions"},"function":{"name":"api"},"message":"\u001b[90m> \u001b[39m Payment Request Received BOOM!!! for this amount >>>  121795"}}
[debug] [2020-09-13T15:15:12.661Z] [runtime-status] [1593] Ephemeral server survived. {"metadata":{"emulator":{"name":"functions"},"function":{"name":"api"},"message":"[runtime-status] [1593] Ephemeral server survived."}}
[info] >  (node:1593) UnhandledPromiseRejectionWarning: TypeError: Cannot read property 'create' of undefined {"user":"(node:1593) UnhandledPromiseRejectionWarning: TypeError: Cannot read property 'create' of undefined","metadata":{"emulator":{"name":"functions"},"function":{"name":"api"},"message":"\u001b[90m> \u001b[39m (node:1593) UnhandledPromiseRejectionWarning: TypeError: Cannot read property 'create' of undefined"}}
[info] >      at /Users/riyakumari/react-app/functions/index.js:25:55 {"user":"    at /Users/riyakumari/react-app/functions/index.js:25:55","metadata":{"emulator":{"name":"functions"},"function":{"name":"api"},"message":"\u001b[90m> \u001b[39m     at /Users/riyakumari/react-app/functions/index.js:25:55"}}
[info] >      at Layer.handle [as handle_request] (/Users/riyakumari/react-app/functions/node_modules/express/lib/router/layer.js:95:5) {"user":"    at Layer.handle [as handle_request] (/Users/riyakumari/react-app/functions/node_modules/express/lib/router/layer.js:95:5)","metadata":{"emulator":{"name":"functions"},"function":{"name":"api"},"message":"\u001b[90m> \u001b[39m     at Layer.handle [as handle_request] (/Users/riyakumari/react-app/functions/node_modules/express/lib/router/layer.js:95:5)"}}
[info] >      at next (/Users/riyakumari/react-app/functions/node_modules/express/lib/router/route.js:137:13) {"user":"    at next (/Users/riyakumari/react-app/functions/node_modules/express/lib/router/route.js:137:13)","metadata":{"emulator":{"name":"functions"},"function":{"name":"api"},"message":"\u001b[90m> \u001b[39m     at next (/Users/riyakumari/react-app/functions/node_modules/express/lib/router/route.js:137:13)"}}
[info] >      at Route.dispatch (/Users/riyakumari/react-app/functions/node_modules/express/lib/router/route.js:112:3) {"user":"    at Route.dispatch (/Users/riyakumari/react-app/functions/node_modules/express/lib/router/route.js:112:3)","metadata":{"emulator":{"name":"functions"},"function":{"name":"api"},"message":"\u001b[90m> \u001b[39m     at Route.dispatch (/Users/riyakumari/react-app/functions/node_modules/express/lib/router/route.js:112:3)"}}
[info] >      at Layer.handle [as handle_request] (/Users/riyakumari/react-app/functions/node_modules/express/lib/router/layer.js:95:5) {"user":"    at Layer.handle [as handle_request] (/Users/riyakumari/react-app/functions/node_modules/express/lib/router/layer.js:95:5)","metadata":{"emulator":{"name":"functions"},"function":{"name":"api"},"message":"\u001b[90m> \u001b[39m     at Layer.handle [as handle_request] (/Users/riyakumari/react-app/functions/node_modules/express/lib/router/layer.js:95:5)"}}
[info] >      at /Users/riyakumari/react-app/functions/node_modules/express/lib/router/index.js:281:22 {"user":"    at /Users/riyakumari/react-app/functions/node_modules/express/lib/router/index.js:281:22","metadata":{"emulator":{"name":"functions"},"function":{"name":"api"},"message":"\u001b[90m> \u001b[39m     at /Users/riyakumari/react-app/functions/node_modules/express/lib/router/index.js:281:22"}}
[info] >      at Function.process_params (/Users/riyakumari/react-app/functions/node_modules/express/lib/router/index.js:335:12) {"user":"    at Function.process_params (/Users/riyakumari/react-app/functions/node_modules/express/lib/router/index.js:335:12)","metadata":{"emulator":{"name":"functions"},"function":{"name":"api"},"message":"\u001b[90m> \u001b[39m     at Function.process_params (/Users/riyakumari/react-app/functions/node_modules/express/lib/router/index.js:335:12)"}}
[info] >      at next (/Users/riyakumari/react-app/functions/node_modules/express/lib/router/index.js:275:10) {"user":"    at next (/Users/riyakumari/react-app/functions/node_modules/express/lib/router/index.js:275:10)","metadata":{"emulator":{"name":"functions"},"function":{"name":"api"},"message":"\u001b[90m> \u001b[39m     at next (/Users/riyakumari/react-app/functions/node_modules/express/lib/router/index.js:275:10)"}}
[info] >      at jsonParser (/Users/riyakumari/react-app/functions/node_modules/body-parser/lib/types/json.js:119:7) {"user":"    at jsonParser (/Users/riyakumari/react-app/functions/node_modules/body-parser/lib/types/json.js:119:7)","metadata":{"emulator":{"name":"functions"},"function":{"name":"api"},"message":"\u001b[90m> \u001b[39m     at jsonParser (/Users/riyakumari/react-app/functions/node_modules/body-parser/lib/types/json.js:119:7)"}}
[info] >      at Layer.handle [as handle_request] (/Users/riyakumari/react-app/functions/node_modules/express/lib/router/layer.js:95:5) {"user":"    at Layer.handle [as handle_request] (/Users/riyakumari/react-app/functions/node_modules/express/lib/router/layer.js:95:5)","metadata":{"emulator":{"name":"functions"},"function":{"name":"api"},"message":"\u001b[90m> \u001b[39m     at Layer.handle [as handle_request] (/Users/riyakumari/react-app/functions/node_modules/express/lib/router/layer.js:95:5)"}}
[info] >  (node:1593) UnhandledPromiseRejectionWarning: Unhandled promise rejection. This error originated either by throwing inside of an async function without a catch block, or by rejecting a promise which was not handled with .catch(). To terminate the node process on unhandled promise rejection, use the CLI flag `--unhandled-rejections=strict` (see https://nodejs.org/api/cli.html#cli_unhandled_rejections_mode). (rejection id: 1) {"user":"(node:1593) UnhandledPromiseRejectionWarning: Unhandled promise rejection. This error originated either by throwing inside of an async function without a catch block, or by rejecting a promise which was not handled with .catch(). To terminate the node process on unhandled promise rejection, use the CLI flag `--unhandled-rejections=strict` (see https://nodejs.org/api/cli.html#cli_unhandled_rejections_mode). (rejection id: 1)","metadata":{"emulator":{"name":"functions"},"function":{"name":"api"},"message":"\u001b[90m> \u001b[39m (node:1593) UnhandledPromiseRejectionWarning: Unhandled promise rejection. This error originated either by throwing inside of an async function without a catch block, or by rejecting a promise which was not handled with .catch(). To terminate the node process on unhandled promise rejection, use the CLI flag `--unhandled-rejections=strict` (see https://nodejs.org/api/cli.html#cli_unhandled_rejections_mode). (rejection id: 1)"}}
[info] >  (node:1593) [DEP0018] DeprecationWarning: Unhandled promise rejections are deprecated. In the future, promise rejections that are not handled will terminate the Node.js process with a non-zero exit code. {"user":"(node:1593) [DEP0018] DeprecationWarning: Unhandled promise rejections are deprecated. In the future, promise rejections that are not handled will terminate the Node.js process with a non-zero exit code.","metadata":{"emulator":{"name":"functions"},"function":{"name":"api"},"message":"\u001b[90m> \u001b[39m (node:1593) [DEP0018] DeprecationWarning: Unhandled promise rejections are deprecated. In the future, promise rejections that are not handled will terminate the Node.js process with a non-zero exit code."}}
[warn] ⚠  functions: Your function timed out after ~60s. To configure this timeout, see
      https://firebase.google.com/docs/functions/manage-functions#set_timeout_and_memory_allocation. {"metadata":{"emulator":{"name":"functions"},"function":{"name":"api"},"message":"Your function timed out after ~60s. To configure this timeout, see\n      https://firebase.google.com/docs/functions/manage-functions#set_timeout_and_memory_allocation."}}
[info] >  /usr/local/lib/node_modules/firebase-tools/lib/emulator/functionsEmulatorRuntime.js:642 {"user":"/usr/local/lib/node_modules/firebase-tools/lib/emulator/functionsEmulatorRuntime.js:642","metadata":{"emulator":{"name":"functions"},"function":{"name":"api"},"message":"\u001b[90m> \u001b[39m /usr/local/lib/node_modules/firebase-tools/lib/emulator/functionsEmulatorRuntime.js:642"}}
[info] >                  throw new Error("Function timed out."); {"user":"                throw new Error(\"Function timed out.\");","metadata":{"emulator":{"name":"functions"},"function":{"name":"api"},"message":"\u001b[90m> \u001b[39m                 throw new Error(\"Function timed out.\");"}}
[info] >                  ^ {"user":"                ^","metadata":{"emulator":{"name":"functions"},"function":{"name":"api"},"message":"\u001b[90m> \u001b[39m                 ^"}}
[info] >   {"user":"","metadata":{"emulator":{"name":"functions"},"function":{"name":"api"},"message":"\u001b[90m> \u001b[39m "}}
[info] >  Error: Function timed out. {"user":"Error: Function timed out.","metadata":{"emulator":{"name":"functions"},"function":{"name":"api"},"message":"\u001b[90m> \u001b[39m Error: Function timed out."}}
[info] >      at Timeout._onTimeout (/usr/local/lib/node_modules/firebase-tools/lib/emulator/functionsEmulatorRuntime.js:642:23) {"user":"    at Timeout._onTimeout (/usr/local/lib/node_modules/firebase-tools/lib/emulator/functionsEmulatorRuntime.js:642:23)","metadata":{"emulator":{"name":"functions"},"function":{"name":"api"},"message":"\u001b[90m> \u001b[39m     at Timeout._onTimeout (/usr/local/lib/node_modules/firebase-tools/lib/emulator/functionsEmulatorRuntime.js:642:23)"}}
[info] >      at listOnTimeout (internal/timers.js:549:17) {"user":"    at listOnTimeout (internal/timers.js:549:17)","metadata":{"emulator":{"name":"functions"},"function":{"name":"api"},"message":"\u001b[90m> \u001b[39m     at listOnTimeout (internal/timers.js:549:17)"}}
[info] >      at processTimers (internal/timers.js:492:7) {"user":"    at processTimers (internal/timers.js:492:7)","metadata":{"emulator":{"name":"functions"},"function":{"name":"api"},"message":"\u001b[90m> \u001b[39m     at processTimers (internal/timers.js:492:7)"}}
[debug] [2020-09-13T15:16:12.652Z] [worker-api-69aef6be-dfcf-4fd7-9a0b-3737ac56ccf3]: exited {"metadata":{"emulator":{"name":"functions"},"message":"[worker-api-69aef6be-dfcf-4fd7-9a0b-3737ac56ccf3]: exited"}}
[debug] [2020-09-13T15:16:12.652Z] [worker-api-69aef6be-dfcf-4fd7-9a0b-3737ac56ccf3]: FINISHED {"metadata":{"emulator":{"name":"functions"},"message":"[worker-api-69aef6be-dfcf-4fd7-9a0b-3737ac56ccf3]: FINISHED"}}
[debug] [2020-09-13T15:16:12.652Z] [work-queue] {"queueLength":0,"workRunningCount":0}
